2020-06-29 09:00:47,464 INFO notifyConnectTimeout:200

2020-06-29 09:00:47,474 INFO notifySocketTimeout:8000

2020-06-29 09:00:47,483 INFO isHealthCheck:true

2020-06-29 09:00:47,483 INFO maxHealthCheckFailCount:12

2020-06-29 09:00:47,483 INFO maxContent:10485760

2020-06-29 09:00:48,883 INFO Schema 'NACOS' already exists.

2020-06-29 09:00:49,011 INFO Table/View 'CONFIG_INFO' already exists in Schema 'NACOS'.

2020-06-29 09:00:49,122 INFO Table/View 'HIS_CONFIG_INFO' already exists in Schema 'NACOS'.

2020-06-29 09:00:49,178 INFO Table/View 'CONFIG_INFO_BETA' already exists in Schema 'NACOS'.

2020-06-29 09:00:49,201 INFO Table/View 'CONFIG_INFO_TAG' already exists in Schema 'NACOS'.

2020-06-29 09:00:49,225 INFO Table/View 'CONFIG_INFO_AGGR' already exists in Schema 'NACOS'.

2020-06-29 09:00:49,257 INFO Table/View 'APP_LIST' already exists in Schema 'NACOS'.

2020-06-29 09:00:49,279 INFO Table/View 'APP_CONFIGDATA_RELATION_SUBS' already exists in Schema 'NACOS'.

2020-06-29 09:00:49,303 INFO Table/View 'APP_CONFIGDATA_RELATION_PUBS' already exists in Schema 'NACOS'.

2020-06-29 09:00:49,323 INFO Table/View 'CONFIG_TAGS_RELATION' already exists in Schema 'NACOS'.

2020-06-29 09:00:49,368 INFO Table/View 'GROUP_CAPACITY' already exists in Schema 'NACOS'.

2020-06-29 09:00:49,390 INFO Table/View 'TENANT_CAPACITY' already exists in Schema 'NACOS'.

2020-06-29 09:00:49,413 INFO Table/View 'TENANT_INFO' already exists in Schema 'NACOS'.

2020-06-29 09:00:49,441 INFO Table/View 'USERS' already exists in Schema 'NACOS'.

2020-06-29 09:00:49,469 INFO Table/View 'ROLES' already exists in Schema 'NACOS'.

2020-06-29 09:00:49,660 INFO The statement was aborted because it would have caused a duplicate key value in a unique or primary key constraint or unique index identified by 'SQL200622091109280' defined on 'USERS'.

2020-06-29 09:00:50,917 INFO ServerListService address-server port:8848

2020-06-29 09:00:50,917 INFO ADDRESS_SERVER_URL:http://jmenv.tbsite.net:8080/nacos/serverlist

2020-06-29 09:00:50,922 WARN [serverlist] updated to [192.168.120.69]

2020-06-29 09:00:51,146 WARN DumpService start

2020-06-29 09:00:51,153 INFO start clear all config-info.

2020-06-29 09:00:51,165 WARN clear all config-info failed.

2020-06-29 09:00:51,166 WARN clear all config-info-tenant failed.

2020-06-29 09:00:51,443 INFO [all-dump] 4 / 4

2020-06-29 09:00:51,444 INFO start clear all config-info-beta.

2020-06-29 09:00:51,444 WARN clear all config-info-beta failed.

2020-06-29 09:00:51,445 WARN clear all config-info-beta-tenant failed.

2020-06-29 09:00:51,468 INFO start clear all config-info-tag.

2020-06-29 09:00:51,469 WARN clear all config-info-tag failed.

2020-06-29 09:00:51,470 WARN clear all config-info-tag-tenant failed.

