2020-06-29 00:00:15,809 INFO PERFORMANCE:|3|3|-1|-1

2020-06-29 00:05:15,849 INFO PERFORMANCE:|3|3|-1|-1

2020-06-29 00:10:15,851 INFO PERFORMANCE:|3|3|-1|-1

2020-06-29 00:15:15,852 INFO PERFORMANCE:|3|3|-1|-1

2020-06-29 00:20:15,853 INFO PERFORMANCE:|3|3|-1|-1

2020-06-29 00:25:15,855 INFO PERFORMANCE:|3|3|-1|-1

2020-06-29 00:30:15,858 INFO PERFORMANCE:|3|3|-1|-1

2020-06-29 00:35:15,859 INFO PERFORMANCE:|3|3|-1|-1

2020-06-29 00:40:15,860 INFO PERFORMANCE:|3|3|-1|-1

2020-06-29 00:45:15,861 INFO PERFORMANCE:|3|3|-1|-1

2020-06-29 00:50:15,863 INFO PERFORMANCE:|3|3|-1|-1

2020-06-29 00:55:15,864 INFO PERFORMANCE:|3|3|-1|-1

2020-06-29 01:00:15,866 INFO PERFORMANCE:|3|3|-1|-1

2020-06-29 01:05:15,867 INFO PERFORMANCE:|3|3|-1|-1

2020-06-29 01:10:15,868 INFO PERFORMANCE:|3|3|-1|-1

2020-06-29 01:15:15,869 INFO PERFORMANCE:|3|3|-1|-1

2020-06-29 01:20:15,871 INFO PERFORMANCE:|3|3|-1|-1

2020-06-29 01:25:15,873 INFO PERFORMANCE:|3|3|-1|-1

2020-06-29 01:30:15,874 INFO PERFORMANCE:|3|3|-1|-1

2020-06-29 01:35:15,875 INFO PERFORMANCE:|3|3|-1|-1

2020-06-29 01:40:15,878 INFO PERFORMANCE:|3|3|-1|-1

2020-06-29 01:45:15,880 INFO PERFORMANCE:|3|3|-1|-1

2020-06-29 01:50:15,882 INFO PERFORMANCE:|3|3|-1|-1

2020-06-29 01:55:15,883 INFO PERFORMANCE:|3|3|-1|-1

2020-06-29 02:00:15,884 INFO PERFORMANCE:|3|3|-1|-1

2020-06-29 02:05:15,886 INFO PERFORMANCE:|3|3|-1|-1

2020-06-29 02:10:15,888 INFO PERFORMANCE:|3|3|-1|-1

2020-06-29 02:15:15,890 INFO PERFORMANCE:|3|3|-1|-1

2020-06-29 02:20:15,891 INFO PERFORMANCE:|3|3|-1|-1

2020-06-29 02:25:15,893 INFO PERFORMANCE:|3|3|-1|-1

2020-06-29 02:30:15,895 INFO PERFORMANCE:|3|3|-1|-1

2020-06-29 02:35:15,896 INFO PERFORMANCE:|3|3|-1|-1

2020-06-29 02:40:15,897 INFO PERFORMANCE:|3|3|-1|-1

2020-06-29 02:45:15,899 INFO PERFORMANCE:|3|3|-1|-1

2020-06-29 02:50:15,900 INFO PERFORMANCE:|3|3|-1|-1

2020-06-29 02:55:15,901 INFO PERFORMANCE:|3|3|-1|-1

2020-06-29 03:00:15,903 INFO PERFORMANCE:|3|3|-1|-1

2020-06-29 03:05:15,904 INFO PERFORMANCE:|3|3|-1|-1

2020-06-29 03:10:15,906 INFO PERFORMANCE:|3|3|-1|-1

2020-06-29 03:15:15,907 INFO PERFORMANCE:|3|3|-1|-1

2020-06-29 03:20:15,908 INFO PERFORMANCE:|3|3|-1|-1

2020-06-29 03:25:15,910 INFO PERFORMANCE:|3|3|-1|-1

2020-06-29 03:30:15,912 INFO PERFORMANCE:|3|3|-1|-1

2020-06-29 03:35:15,915 INFO PERFORMANCE:|3|3|-1|-1

2020-06-29 03:40:15,916 INFO PERFORMANCE:|3|3|-1|-1

2020-06-29 03:45:15,918 INFO PERFORMANCE:|3|3|-1|-1

2020-06-29 03:50:15,920 INFO PERFORMANCE:|3|3|-1|-1

2020-06-29 03:55:15,922 INFO PERFORMANCE:|3|3|-1|-1

2020-06-29 04:00:15,925 INFO PERFORMANCE:|3|3|-1|-1

2020-06-29 04:05:15,926 INFO PERFORMANCE:|3|3|-1|-1

2020-06-29 04:10:15,928 INFO PERFORMANCE:|3|3|-1|-1

2020-06-29 04:15:15,929 INFO PERFORMANCE:|3|3|-1|-1

2020-06-29 04:20:15,930 INFO PERFORMANCE:|3|3|-1|-1

2020-06-29 04:25:15,931 INFO PERFORMANCE:|3|3|-1|-1

2020-06-29 04:30:15,932 INFO PERFORMANCE:|3|3|-1|-1

2020-06-29 04:35:15,933 INFO PERFORMANCE:|3|3|-1|-1

2020-06-29 04:40:15,935 INFO PERFORMANCE:|3|3|-1|-1

2020-06-29 04:45:15,936 INFO PERFORMANCE:|3|3|-1|-1

2020-06-29 04:50:15,937 INFO PERFORMANCE:|3|3|-1|-1

2020-06-29 04:55:15,939 INFO PERFORMANCE:|3|3|-1|-1

2020-06-29 05:00:15,941 INFO PERFORMANCE:|3|3|-1|-1

2020-06-29 05:05:15,943 INFO PERFORMANCE:|3|3|-1|-1

2020-06-29 05:10:15,945 INFO PERFORMANCE:|3|3|-1|-1

2020-06-29 05:15:15,948 INFO PERFORMANCE:|3|3|-1|-1

2020-06-29 05:20:15,949 INFO PERFORMANCE:|3|3|-1|-1

2020-06-29 05:25:15,950 INFO PERFORMANCE:|3|3|-1|-1

2020-06-29 05:30:15,953 INFO PERFORMANCE:|3|3|-1|-1

2020-06-29 05:35:15,955 INFO PERFORMANCE:|3|3|-1|-1

2020-06-29 05:40:15,957 INFO PERFORMANCE:|3|3|-1|-1

2020-06-29 05:45:15,958 INFO PERFORMANCE:|3|3|-1|-1

2020-06-29 05:50:15,960 INFO PERFORMANCE:|3|3|-1|-1

2020-06-29 05:55:15,962 INFO PERFORMANCE:|3|3|-1|-1

2020-06-29 06:00:15,964 INFO PERFORMANCE:|3|3|-1|-1

2020-06-29 06:05:15,966 INFO PERFORMANCE:|3|3|-1|-1

2020-06-29 06:10:15,969 INFO PERFORMANCE:|3|3|-1|-1

2020-06-29 06:15:15,971 INFO PERFORMANCE:|3|3|-1|-1

2020-06-29 06:20:15,972 INFO PERFORMANCE:|3|3|-1|-1

2020-06-29 06:25:15,975 INFO PERFORMANCE:|3|3|-1|-1

2020-06-29 06:30:15,976 INFO PERFORMANCE:|3|3|-1|-1

2020-06-29 06:35:15,977 INFO PERFORMANCE:|3|3|-1|-1

2020-06-29 06:40:15,978 INFO PERFORMANCE:|3|3|-1|-1

2020-06-29 06:45:15,979 INFO PERFORMANCE:|3|3|-1|-1

2020-06-29 06:50:15,981 INFO PERFORMANCE:|3|3|-1|-1

2020-06-29 06:55:15,983 INFO PERFORMANCE:|3|3|-1|-1

2020-06-29 07:00:15,986 INFO PERFORMANCE:|3|3|-1|-1

2020-06-29 07:05:15,987 INFO PERFORMANCE:|3|3|-1|-1

2020-06-29 07:10:15,988 INFO PERFORMANCE:|3|3|-1|-1

2020-06-29 07:15:15,989 INFO PERFORMANCE:|3|3|-1|-1

2020-06-29 07:20:15,990 INFO PERFORMANCE:|3|3|-1|-1

2020-06-29 07:25:15,993 INFO PERFORMANCE:|3|3|-1|-1

2020-06-29 07:30:15,995 INFO PERFORMANCE:|3|3|-1|-1

2020-06-29 07:35:15,998 INFO PERFORMANCE:|3|3|-1|-1

2020-06-29 07:40:15,999 INFO PERFORMANCE:|3|3|-1|-1

2020-06-29 07:45:16,002 INFO PERFORMANCE:|3|3|-1|-1

2020-06-29 07:50:16,004 INFO PERFORMANCE:|3|3|-1|-1

2020-06-29 07:55:16,006 INFO PERFORMANCE:|3|3|-1|-1

2020-06-29 08:00:16,007 INFO PERFORMANCE:|3|3|-1|-1

2020-06-29 08:05:16,007 INFO PERFORMANCE:|3|3|-1|-1

2020-06-29 08:10:16,009 INFO PERFORMANCE:|3|3|-1|-1

2020-06-29 08:15:16,010 INFO PERFORMANCE:|3|3|-1|-1

2020-06-29 08:20:16,012 INFO PERFORMANCE:|3|3|-1|-1

2020-06-29 08:25:16,014 INFO PERFORMANCE:|3|3|-1|-1

2020-06-29 08:30:16,017 INFO PERFORMANCE:|3|3|-1|-1

2020-06-29 08:35:16,019 INFO PERFORMANCE:|3|3|-1|-1

2020-06-29 08:40:16,028 INFO PERFORMANCE:|3|2|-1|-1

2020-06-29 08:45:16,031 INFO PERFORMANCE:|3|2|-1|-1

2020-06-29 08:50:16,033 INFO PERFORMANCE:|3|2|-1|-1

2020-06-29 08:55:16,034 INFO PERFORMANCE:|3|0|-1|-1

2020-06-29 09:00:16,035 INFO PERFORMANCE:|3|0|-1|-1

2020-06-29 09:01:21,541 INFO PERFORMANCE:|0|0|-1|-1

2020-06-29 09:06:21,543 INFO PERFORMANCE:|0|0|-1|-1

2020-06-29 09:11:21,545 INFO PERFORMANCE:|0|0|-1|-1

2020-06-29 09:16:21,546 INFO PERFORMANCE:|0|0|-1|-1

2020-06-29 09:21:21,548 INFO PERFORMANCE:|0|0|-1|-1

2020-06-29 09:26:21,550 INFO PERFORMANCE:|0|0|-1|-1

2020-06-29 09:31:21,551 INFO PERFORMANCE:|0|0|-1|-1

2020-06-29 09:36:21,552 INFO PERFORMANCE:|0|0|-1|-1

2020-06-29 09:41:21,555 INFO PERFORMANCE:|0|0|-1|-1

2020-06-29 09:46:21,556 INFO PERFORMANCE:|0|0|-1|-1

2020-06-29 09:51:21,559 INFO PERFORMANCE:|0|0|-1|-1

2020-06-29 09:56:21,561 INFO PERFORMANCE:|0|0|-1|-1

2020-06-29 10:01:21,564 INFO PERFORMANCE:|0|0|-1|-1

2020-06-29 10:06:21,567 INFO PERFORMANCE:|0|0|-1|-1

2020-06-29 10:11:21,570 INFO PERFORMANCE:|0|0|-1|-1

2020-06-29 10:16:21,572 INFO PERFORMANCE:|0|0|-1|-1

2020-06-29 10:21:21,573 INFO PERFORMANCE:|0|0|-1|-1

2020-06-29 10:26:21,574 INFO PERFORMANCE:|0|0|-1|-1

2020-06-29 10:31:21,575 INFO PERFORMANCE:|0|0|-1|-1

2020-06-29 10:36:21,576 INFO PERFORMANCE:|0|0|-1|-1

2020-06-29 10:41:21,578 INFO PERFORMANCE:|0|0|-1|-1

2020-06-29 10:46:21,581 INFO PERFORMANCE:|0|0|-1|-1

2020-06-29 10:51:21,582 INFO PERFORMANCE:|0|0|-1|-1

2020-06-29 10:56:21,583 INFO PERFORMANCE:|0|0|-1|-1

2020-06-29 11:01:21,585 INFO PERFORMANCE:|0|0|-1|-1

2020-06-29 11:06:21,586 INFO PERFORMANCE:|0|0|-1|-1

2020-06-29 11:11:21,587 INFO PERFORMANCE:|0|0|-1|-1

2020-06-29 11:16:21,589 INFO PERFORMANCE:|0|0|-1|-1

2020-06-29 11:21:21,591 INFO PERFORMANCE:|0|0|-1|-1

2020-06-29 11:26:21,593 INFO PERFORMANCE:|0|0|-1|-1

2020-06-29 11:31:21,595 INFO PERFORMANCE:|0|0|-1|-1

2020-06-29 11:36:21,597 INFO PERFORMANCE:|0|0|-1|-1

2020-06-29 11:41:21,599 INFO PERFORMANCE:|0|0|-1|-1

2020-06-29 11:46:21,600 INFO PERFORMANCE:|0|0|-1|-1

2020-06-29 11:51:21,602 INFO PERFORMANCE:|0|0|-1|-1

2020-06-29 11:56:21,603 INFO PERFORMANCE:|0|0|-1|-1

2020-06-29 12:01:21,605 INFO PERFORMANCE:|0|0|-1|-1

2020-06-29 12:06:21,607 INFO PERFORMANCE:|0|0|-1|-1

2020-06-29 12:11:21,610 INFO PERFORMANCE:|0|0|-1|-1

2020-06-29 12:16:21,611 INFO PERFORMANCE:|0|0|-1|-1

2020-06-29 12:21:21,613 INFO PERFORMANCE:|0|0|-1|-1

2020-06-29 12:26:21,614 INFO PERFORMANCE:|0|0|-1|-1

2020-06-29 12:31:21,616 INFO PERFORMANCE:|0|0|-1|-1

2020-06-29 12:36:21,617 INFO PERFORMANCE:|0|0|-1|-1

2020-06-29 12:41:21,619 INFO PERFORMANCE:|0|0|-1|-1

2020-06-29 12:46:21,622 INFO PERFORMANCE:|0|0|-1|-1

2020-06-29 12:51:21,624 INFO PERFORMANCE:|0|0|-1|-1

2020-06-29 12:56:21,626 INFO PERFORMANCE:|0|0|-1|-1

2020-06-29 13:01:21,629 INFO PERFORMANCE:|0|0|-1|-1

2020-06-29 13:06:21,630 INFO PERFORMANCE:|0|0|-1|-1

2020-06-29 13:11:21,632 INFO PERFORMANCE:|0|0|-1|-1

2020-06-29 13:16:21,633 INFO PERFORMANCE:|0|0|-1|-1

2020-06-29 13:21:21,635 INFO PERFORMANCE:|0|0|-1|-1

2020-06-29 13:26:21,636 INFO PERFORMANCE:|0|0|-1|-1

2020-06-29 13:31:21,638 INFO PERFORMANCE:|0|0|-1|-1

2020-06-29 13:36:21,640 INFO PERFORMANCE:|0|0|-1|-1

2020-06-29 13:41:21,642 INFO PERFORMANCE:|0|0|-1|-1

2020-06-29 13:46:21,644 INFO PERFORMANCE:|0|0|-1|-1

2020-06-29 13:51:21,647 INFO PERFORMANCE:|0|0|-1|-1

2020-06-29 13:56:21,648 INFO PERFORMANCE:|0|0|-1|-1

2020-06-29 14:01:21,649 INFO PERFORMANCE:|0|0|-1|-1

2020-06-29 14:06:21,650 INFO PERFORMANCE:|0|0|-1|-1

2020-06-29 14:11:21,652 INFO PERFORMANCE:|0|0|-1|-1

2020-06-29 14:16:21,654 INFO PERFORMANCE:|0|0|-1|-1

