2020-06-22 09:11:04,259 INFO initializing Raft sub-system

2020-06-22 09:11:04,267 INFO raft notifier started

2020-06-22 09:11:04,269 INFO finish loading all datums, size: 0 cost 3 ms.

2020-06-22 09:11:04,273 INFO cache loaded, datum count: 0, current term: 0

2020-06-22 09:11:04,273 INFO finish to load data from disk, cost: 7 ms.

2020-06-22 09:11:04,282 INFO timer started: leader timeout ms: 15000, heart-beat timeout ms: 5000

2020-06-22 09:11:04,033 INFO server list is updated, new: 1 servers: [{"adWeight":0,"alive":false,"ip":"192.168.120.69","key":"192.168.120.69:0","lastRefTime":0,"servePort":0,"site":"unknown","weight":1}]

2020-06-22 09:11:04,296 INFO raft peers changed: [{"adWeight":0,"alive":false,"ip":"192.168.120.69","key":"192.168.120.69:0","lastRefTime":0,"lastRefTimeStr":"","servePort":0,"site":"unknown","weight":1}]

2020-06-22 09:11:04,386 INFO add listener: com.alibaba.nacos.naming.domains.meta.

2020-06-22 09:11:09,632 INFO add listener: com.alibaba.nacos.naming.domains.meta.00-00---000-NACOS_SWITCH_DOMAIN-000---00-00

2020-06-22 09:11:14,023 INFO server list is updated, new: 1 servers: [{"adWeight":0,"alive":false,"ip":"192.168.120.69","key":"192.168.120.69:8848","lastRefTime":0,"lastRefTimeStr":"","servePort":8848,"site":"unknown","weight":1}]

2020-06-22 09:11:14,023 INFO server list is updated, dead: 1, servers: [{"adWeight":0,"alive":false,"ip":"192.168.120.69","key":"192.168.120.69:0","lastRefTime":0,"lastRefTimeStr":"","servePort":0,"site":"unknown","weight":1}]

2020-06-22 09:11:14,030 INFO raft peers changed: [{"adWeight":0,"alive":false,"ip":"192.168.120.69","key":"192.168.120.69:8848","lastRefTime":0,"lastRefTimeStr":"","servePort":8848,"site":"unknown","weight":1}]

2020-06-22 09:11:14,315 INFO [RAFT] send beat with 0 keys.

2020-06-22 09:11:14,370 INFO raw beat data size: 165, size of compressed data: 145

2020-06-22 09:11:19,385 INFO [RAFT] send beat with 0 keys.

2020-06-22 09:11:19,385 INFO raw beat data size: 165, size of compressed data: 140

2020-06-22 09:11:24,017 INFO raft peers changed: [{"adWeight":0,"alive":false,"ip":"192.168.120.69","key":"192.168.120.69:8848","lastRefTime":0,"lastRefTimeStr":"","servePort":8848,"site":"unknown","weight":1}]

2020-06-22 09:11:24,400 INFO [RAFT] send beat with 0 keys.

2020-06-22 09:11:24,400 INFO raw beat data size: 165, size of compressed data: 145

2020-06-22 09:11:29,420 INFO [RAFT] send beat with 0 keys.

2020-06-22 09:11:29,420 INFO raw beat data size: 165, size of compressed data: 147

2020-06-22 09:11:34,428 INFO [RAFT] send beat with 0 keys.

2020-06-22 09:11:34,428 INFO raw beat data size: 165, size of compressed data: 142

2020-06-22 09:11:39,439 INFO [RAFT] send beat with 0 keys.

2020-06-22 09:11:39,439 INFO raw beat data size: 165, size of compressed data: 139

2020-06-22 09:11:44,449 INFO [RAFT] send beat with 0 keys.

2020-06-22 09:11:44,452 INFO raw beat data size: 165, size of compressed data: 142

2020-06-22 09:11:49,462 INFO [RAFT] send beat with 0 keys.

2020-06-22 09:11:49,462 INFO raw beat data size: 165, size of compressed data: 145

2020-06-22 09:11:54,470 INFO [RAFT] send beat with 0 keys.

2020-06-22 09:11:54,470 INFO raw beat data size: 165, size of compressed data: 142

2020-06-22 09:11:59,483 INFO [RAFT] send beat with 0 keys.

2020-06-22 09:11:59,483 INFO raw beat data size: 165, size of compressed data: 142

2020-06-22 09:12:04,496 INFO [RAFT] send beat with 0 keys.

2020-06-22 09:12:04,496 INFO raw beat data size: 165, size of compressed data: 141

2020-06-22 09:12:09,506 INFO [RAFT] send beat with 0 keys.

2020-06-22 09:12:09,507 INFO raw beat data size: 165, size of compressed data: 145

2020-06-22 09:12:14,515 INFO [RAFT] send beat with 0 keys.

2020-06-22 09:12:14,516 INFO raw beat data size: 165, size of compressed data: 143

2020-06-22 09:12:19,534 INFO [RAFT] send beat with 0 keys.

2020-06-22 09:12:19,534 INFO raw beat data size: 165, size of compressed data: 141

2020-06-22 09:14:29,137 INFO initializing Raft sub-system

2020-06-22 09:14:29,141 INFO raft notifier started

2020-06-22 09:14:29,142 INFO finish loading all datums, size: 0 cost 2 ms.

2020-06-22 09:14:29,146 INFO cache loaded, datum count: 0, current term: 0

2020-06-22 09:14:29,146 INFO finish to load data from disk, cost: 6 ms.

2020-06-22 09:14:29,160 INFO timer started: leader timeout ms: 15000, heart-beat timeout ms: 5000

2020-06-22 09:14:28,921 INFO server list is updated, new: 1 servers: [{"adWeight":0,"alive":false,"ip":"192.168.120.69","key":"192.168.120.69:0","lastRefTime":0,"servePort":0,"site":"unknown","weight":1}]

2020-06-22 09:14:29,177 INFO raft peers changed: [{"adWeight":0,"alive":false,"ip":"192.168.120.69","key":"192.168.120.69:0","lastRefTime":0,"lastRefTimeStr":"","servePort":0,"site":"unknown","weight":1}]

2020-06-22 09:14:29,258 INFO add listener: com.alibaba.nacos.naming.domains.meta.

2020-06-22 09:14:33,508 INFO add listener: com.alibaba.nacos.naming.domains.meta.00-00---000-NACOS_SWITCH_DOMAIN-000---00-00

2020-06-22 09:14:38,910 INFO server list is updated, new: 1 servers: [{"adWeight":0,"alive":false,"ip":"192.168.120.69","key":"192.168.120.69:8848","lastRefTime":0,"lastRefTimeStr":"","servePort":8848,"site":"unknown","weight":1}]

2020-06-22 09:14:38,910 INFO server list is updated, dead: 1, servers: [{"adWeight":0,"alive":false,"ip":"192.168.120.69","key":"192.168.120.69:0","lastRefTime":0,"lastRefTimeStr":"","servePort":0,"site":"unknown","weight":1}]

2020-06-22 09:14:38,910 INFO raft peers changed: [{"adWeight":0,"alive":false,"ip":"192.168.120.69","key":"192.168.120.69:8848","lastRefTime":0,"lastRefTimeStr":"","servePort":8848,"site":"unknown","weight":1}]

2020-06-22 09:14:39,822 INFO [RAFT] send beat with 0 keys.

2020-06-22 09:14:39,869 INFO raw beat data size: 165, size of compressed data: 139

2020-06-22 09:14:44,899 INFO [RAFT] send beat with 0 keys.

2020-06-22 09:14:44,899 INFO raw beat data size: 165, size of compressed data: 141

2020-06-22 09:14:48,916 INFO raft peers changed: [{"adWeight":0,"alive":false,"ip":"192.168.120.69","key":"192.168.120.69:8848","lastRefTime":0,"lastRefTimeStr":"","servePort":8848,"site":"unknown","weight":1}]

2020-06-22 09:14:49,925 INFO [RAFT] send beat with 0 keys.

2020-06-22 09:14:49,925 INFO raw beat data size: 165, size of compressed data: 137

2020-06-22 09:14:54,944 INFO [RAFT] send beat with 0 keys.

2020-06-22 09:14:54,944 INFO raw beat data size: 165, size of compressed data: 142

2020-06-22 09:14:59,990 INFO [RAFT] send beat with 0 keys.

2020-06-22 09:14:59,990 INFO raw beat data size: 165, size of compressed data: 145

2020-06-22 09:15:04,999 INFO [RAFT] send beat with 0 keys.

2020-06-22 09:15:05,001 INFO raw beat data size: 165, size of compressed data: 140

2020-06-22 09:15:10,049 INFO [RAFT] send beat with 0 keys.

2020-06-22 09:15:10,049 INFO raw beat data size: 165, size of compressed data: 143

2020-06-22 09:15:15,176 INFO [RAFT] send beat with 0 keys.

2020-06-22 09:15:15,177 INFO raw beat data size: 165, size of compressed data: 144

2020-06-22 09:15:20,290 INFO [RAFT] send beat with 0 keys.

2020-06-22 09:15:20,291 INFO raw beat data size: 165, size of compressed data: 143

2020-06-22 09:15:25,448 INFO [RAFT] send beat with 0 keys.

2020-06-22 09:15:25,451 INFO raw beat data size: 165, size of compressed data: 144

2020-06-22 09:15:30,622 INFO [RAFT] send beat with 0 keys.

2020-06-22 09:15:30,622 INFO raw beat data size: 165, size of compressed data: 145

2020-06-22 09:15:35,657 INFO [RAFT] send beat with 0 keys.

2020-06-22 09:15:35,657 INFO raw beat data size: 165, size of compressed data: 146

2020-06-22 09:15:40,674 INFO [RAFT] send beat with 0 keys.

2020-06-22 09:15:40,675 INFO raw beat data size: 165, size of compressed data: 146

2020-06-22 09:15:45,685 INFO [RAFT] send beat with 0 keys.

2020-06-22 09:15:45,685 INFO raw beat data size: 165, size of compressed data: 146

2020-06-22 09:15:50,700 INFO [RAFT] send beat with 0 keys.

2020-06-22 09:15:50,700 INFO raw beat data size: 165, size of compressed data: 142

2020-06-22 09:15:55,836 INFO [RAFT] send beat with 0 keys.

2020-06-22 09:15:55,838 INFO raw beat data size: 165, size of compressed data: 143

2020-06-22 09:16:00,873 INFO [RAFT] send beat with 0 keys.

2020-06-22 09:16:00,873 INFO raw beat data size: 165, size of compressed data: 142

2020-06-22 09:16:05,885 INFO [RAFT] send beat with 0 keys.

2020-06-22 09:16:05,885 INFO raw beat data size: 165, size of compressed data: 139

2020-06-22 09:16:10,893 INFO [RAFT] send beat with 0 keys.

2020-06-22 09:16:10,893 INFO raw beat data size: 165, size of compressed data: 146

2020-06-22 09:16:15,904 INFO [RAFT] send beat with 0 keys.

2020-06-22 09:16:15,906 INFO raw beat data size: 165, size of compressed data: 141

2020-06-22 09:16:20,917 INFO [RAFT] send beat with 0 keys.

2020-06-22 09:16:20,919 INFO raw beat data size: 165, size of compressed data: 144

2020-06-22 09:16:26,447 INFO [RAFT] send beat with 0 keys.

2020-06-22 09:16:26,448 INFO raw beat data size: 165, size of compressed data: 143

2020-06-22 09:16:31,660 INFO [RAFT] send beat with 0 keys.

2020-06-22 09:16:31,660 INFO raw beat data size: 165, size of compressed data: 141

2020-06-22 09:16:36,691 INFO [RAFT] send beat with 0 keys.

2020-06-22 09:16:36,692 INFO raw beat data size: 165, size of compressed data: 138

2020-06-22 09:16:41,833 INFO [RAFT] send beat with 0 keys.

2020-06-22 09:16:41,885 INFO raw beat data size: 165, size of compressed data: 141

2020-06-22 09:16:47,008 INFO [RAFT] send beat with 0 keys.

2020-06-22 09:16:47,008 INFO raw beat data size: 165, size of compressed data: 143

2020-06-22 09:16:52,023 INFO [RAFT] send beat with 0 keys.

2020-06-22 09:16:52,023 INFO raw beat data size: 165, size of compressed data: 145

2020-06-22 09:16:57,082 INFO [RAFT] send beat with 0 keys.

2020-06-22 09:16:57,083 INFO raw beat data size: 165, size of compressed data: 142

2020-06-22 09:17:02,119 INFO [RAFT] send beat with 0 keys.

2020-06-22 09:17:02,119 INFO raw beat data size: 165, size of compressed data: 142

2020-06-22 09:17:07,217 INFO [RAFT] send beat with 0 keys.

2020-06-22 09:17:07,219 INFO raw beat data size: 165, size of compressed data: 145

2020-06-22 09:17:12,678 INFO [RAFT] send beat with 0 keys.

2020-06-22 09:17:12,678 INFO raw beat data size: 165, size of compressed data: 143

2020-06-22 09:17:17,808 INFO [RAFT] send beat with 0 keys.

2020-06-22 09:17:17,820 INFO raw beat data size: 165, size of compressed data: 145

2020-06-22 09:17:23,103 INFO [RAFT] send beat with 0 keys.

2020-06-22 09:17:23,103 INFO raw beat data size: 165, size of compressed data: 146

2020-06-22 09:17:28,268 INFO [RAFT] send beat with 0 keys.

2020-06-22 09:17:28,269 INFO raw beat data size: 165, size of compressed data: 143

2020-06-22 09:17:33,416 INFO [RAFT] send beat with 0 keys.

2020-06-22 09:17:33,416 INFO raw beat data size: 165, size of compressed data: 146

2020-06-22 09:17:38,436 INFO [RAFT] send beat with 0 keys.

2020-06-22 09:17:38,437 INFO raw beat data size: 165, size of compressed data: 143

2020-06-22 09:17:43,448 INFO [RAFT] send beat with 0 keys.

2020-06-22 09:17:43,448 INFO raw beat data size: 165, size of compressed data: 141

2020-06-22 09:17:48,463 INFO [RAFT] send beat with 0 keys.

2020-06-22 09:17:48,463 INFO raw beat data size: 165, size of compressed data: 145

2020-06-22 09:17:53,474 INFO [RAFT] send beat with 0 keys.

2020-06-22 09:17:53,474 INFO raw beat data size: 165, size of compressed data: 141

2020-06-22 09:17:58,485 INFO [RAFT] send beat with 0 keys.

2020-06-22 09:17:58,485 INFO raw beat data size: 165, size of compressed data: 146

2020-06-22 09:18:03,493 INFO [RAFT] send beat with 0 keys.

2020-06-22 09:18:03,493 INFO raw beat data size: 165, size of compressed data: 143

2020-06-22 09:18:08,502 INFO [RAFT] send beat with 0 keys.

2020-06-22 09:18:08,503 INFO raw beat data size: 165, size of compressed data: 143

2020-06-22 09:18:13,515 INFO [RAFT] send beat with 0 keys.

2020-06-22 09:18:13,516 INFO raw beat data size: 165, size of compressed data: 145

2020-06-22 09:18:18,529 INFO [RAFT] send beat with 0 keys.

2020-06-22 09:18:18,529 INFO raw beat data size: 165, size of compressed data: 146

2020-06-22 09:18:23,538 INFO [RAFT] send beat with 0 keys.

2020-06-22 09:18:23,538 INFO raw beat data size: 165, size of compressed data: 143

2020-06-22 09:18:28,547 INFO [RAFT] send beat with 0 keys.

2020-06-22 09:18:28,548 INFO raw beat data size: 165, size of compressed data: 141

2020-06-22 09:18:33,562 INFO [RAFT] send beat with 0 keys.

2020-06-22 09:18:33,562 INFO raw beat data size: 165, size of compressed data: 144

2020-06-22 09:18:38,574 INFO [RAFT] send beat with 0 keys.

2020-06-22 09:18:38,574 INFO raw beat data size: 165, size of compressed data: 141

2020-06-22 09:18:43,584 INFO [RAFT] send beat with 0 keys.

2020-06-22 09:18:43,584 INFO raw beat data size: 165, size of compressed data: 148

2020-06-22 09:18:48,599 INFO [RAFT] send beat with 0 keys.

2020-06-22 09:18:48,599 INFO raw beat data size: 165, size of compressed data: 141

2020-06-22 09:18:53,613 INFO [RAFT] send beat with 0 keys.

2020-06-22 09:18:53,613 INFO raw beat data size: 165, size of compressed data: 142

2020-06-22 09:18:58,633 INFO [RAFT] send beat with 0 keys.

2020-06-22 09:18:58,633 INFO raw beat data size: 165, size of compressed data: 141

2020-06-22 09:19:03,644 INFO [RAFT] send beat with 0 keys.

2020-06-22 09:19:03,645 INFO raw beat data size: 165, size of compressed data: 145

2020-06-22 09:19:08,654 INFO [RAFT] send beat with 0 keys.

2020-06-22 09:19:08,654 INFO raw beat data size: 165, size of compressed data: 145

2020-06-22 09:19:13,666 INFO [RAFT] send beat with 0 keys.

2020-06-22 09:19:13,666 INFO raw beat data size: 165, size of compressed data: 142

2020-06-22 09:19:18,677 INFO [RAFT] send beat with 0 keys.

2020-06-22 09:19:18,677 INFO raw beat data size: 165, size of compressed data: 147

2020-06-22 09:19:23,740 INFO [RAFT] send beat with 0 keys.

2020-06-22 09:19:23,740 INFO raw beat data size: 165, size of compressed data: 144

2020-06-22 09:19:28,747 INFO [RAFT] send beat with 0 keys.

2020-06-22 09:19:28,747 INFO raw beat data size: 165, size of compressed data: 149

2020-06-22 09:19:33,758 INFO [RAFT] send beat with 0 keys.

2020-06-22 09:19:33,758 INFO raw beat data size: 165, size of compressed data: 141

2020-06-22 09:19:38,768 INFO [RAFT] send beat with 0 keys.

2020-06-22 09:19:38,768 INFO raw beat data size: 165, size of compressed data: 147

2020-06-22 09:19:43,781 INFO [RAFT] send beat with 0 keys.

2020-06-22 09:19:43,782 INFO raw beat data size: 165, size of compressed data: 142

2020-06-22 09:19:48,793 INFO [RAFT] send beat with 0 keys.

2020-06-22 09:19:48,794 INFO raw beat data size: 165, size of compressed data: 143

2020-06-22 09:19:53,974 INFO [RAFT] send beat with 0 keys.

2020-06-22 09:19:53,974 INFO raw beat data size: 165, size of compressed data: 146

2020-06-22 09:19:58,983 INFO [RAFT] send beat with 0 keys.

2020-06-22 09:19:58,983 INFO raw beat data size: 165, size of compressed data: 142

2020-06-22 09:20:03,998 INFO [RAFT] send beat with 0 keys.

2020-06-22 09:20:03,998 INFO raw beat data size: 165, size of compressed data: 144

2020-06-22 09:20:09,006 INFO [RAFT] send beat with 0 keys.

2020-06-22 09:20:09,006 INFO raw beat data size: 165, size of compressed data: 141

2020-06-22 09:20:14,015 INFO [RAFT] send beat with 0 keys.

2020-06-22 09:20:14,016 INFO raw beat data size: 165, size of compressed data: 146

2020-06-22 09:20:19,044 INFO [RAFT] send beat with 0 keys.

2020-06-22 09:20:19,044 INFO raw beat data size: 165, size of compressed data: 141

2020-06-22 09:20:24,153 INFO [RAFT] send beat with 0 keys.

2020-06-22 09:20:24,153 INFO raw beat data size: 165, size of compressed data: 141

2020-06-22 09:20:29,212 INFO [RAFT] send beat with 0 keys.

2020-06-22 09:20:29,212 INFO raw beat data size: 165, size of compressed data: 143

2020-06-22 09:20:34,222 INFO [RAFT] send beat with 0 keys.

2020-06-22 09:20:34,222 INFO raw beat data size: 165, size of compressed data: 141

2020-06-22 09:20:39,235 INFO [RAFT] send beat with 0 keys.

2020-06-22 09:20:39,235 INFO raw beat data size: 165, size of compressed data: 146

2020-06-22 09:20:44,241 INFO [RAFT] send beat with 0 keys.

2020-06-22 09:20:44,241 INFO raw beat data size: 165, size of compressed data: 142

2020-06-22 09:20:49,251 INFO [RAFT] send beat with 0 keys.

2020-06-22 09:20:49,252 INFO raw beat data size: 165, size of compressed data: 145

2020-06-22 09:20:54,259 INFO [RAFT] send beat with 0 keys.

2020-06-22 09:20:54,259 INFO raw beat data size: 165, size of compressed data: 146

2020-06-22 09:20:59,270 INFO [RAFT] send beat with 0 keys.

2020-06-22 09:20:59,271 INFO raw beat data size: 165, size of compressed data: 145

2020-06-22 09:21:04,280 INFO [RAFT] send beat with 0 keys.

2020-06-22 09:21:04,280 INFO raw beat data size: 165, size of compressed data: 147

2020-06-22 09:21:09,288 INFO [RAFT] send beat with 0 keys.

2020-06-22 09:21:09,288 INFO raw beat data size: 165, size of compressed data: 145

2020-06-22 09:21:14,298 INFO [RAFT] send beat with 0 keys.

2020-06-22 09:21:14,298 INFO raw beat data size: 165, size of compressed data: 145

2020-06-22 09:21:19,306 INFO [RAFT] send beat with 0 keys.

2020-06-22 09:21:19,306 INFO raw beat data size: 165, size of compressed data: 140

2020-06-22 09:21:24,321 INFO [RAFT] send beat with 0 keys.

2020-06-22 09:21:24,321 INFO raw beat data size: 165, size of compressed data: 145

2020-06-22 09:21:29,347 INFO [RAFT] send beat with 0 keys.

2020-06-22 09:21:29,348 INFO raw beat data size: 165, size of compressed data: 141

2020-06-22 09:21:34,358 INFO [RAFT] send beat with 0 keys.

2020-06-22 09:21:34,359 INFO raw beat data size: 165, size of compressed data: 141

2020-06-22 09:21:39,380 INFO [RAFT] send beat with 0 keys.

2020-06-22 09:21:39,380 INFO raw beat data size: 165, size of compressed data: 142

2020-06-22 09:21:44,391 INFO [RAFT] send beat with 0 keys.

2020-06-22 09:21:44,391 INFO raw beat data size: 165, size of compressed data: 144

2020-06-22 09:21:49,401 INFO [RAFT] send beat with 0 keys.

2020-06-22 09:21:49,401 INFO raw beat data size: 165, size of compressed data: 143

2020-06-22 09:21:54,409 INFO [RAFT] send beat with 0 keys.

2020-06-22 09:21:54,410 INFO raw beat data size: 165, size of compressed data: 146

2020-06-22 09:21:59,420 INFO [RAFT] send beat with 0 keys.

2020-06-22 09:21:59,420 INFO raw beat data size: 165, size of compressed data: 143

2020-06-22 09:22:04,432 INFO [RAFT] send beat with 0 keys.

2020-06-22 09:22:04,432 INFO raw beat data size: 165, size of compressed data: 142

2020-06-22 09:22:09,441 INFO [RAFT] send beat with 0 keys.

2020-06-22 09:22:09,442 INFO raw beat data size: 165, size of compressed data: 143

2020-06-22 09:22:14,453 INFO [RAFT] send beat with 0 keys.

2020-06-22 09:22:14,454 INFO raw beat data size: 165, size of compressed data: 141

2020-06-22 09:22:19,459 INFO [RAFT] send beat with 0 keys.

2020-06-22 09:22:19,459 INFO raw beat data size: 165, size of compressed data: 146

2020-06-22 09:22:24,470 INFO [RAFT] send beat with 0 keys.

2020-06-22 09:22:24,470 INFO raw beat data size: 165, size of compressed data: 145

2020-06-22 09:22:29,483 INFO [RAFT] send beat with 0 keys.

2020-06-22 09:22:29,483 INFO raw beat data size: 165, size of compressed data: 146

2020-06-22 09:22:34,494 INFO [RAFT] send beat with 0 keys.

2020-06-22 09:22:34,494 INFO raw beat data size: 165, size of compressed data: 138

2020-06-22 09:22:39,504 INFO [RAFT] send beat with 0 keys.

2020-06-22 09:22:39,504 INFO raw beat data size: 165, size of compressed data: 144

2020-06-22 09:22:44,513 INFO [RAFT] send beat with 0 keys.

2020-06-22 09:22:44,514 INFO raw beat data size: 165, size of compressed data: 137

2020-06-22 09:22:49,521 INFO [RAFT] send beat with 0 keys.

2020-06-22 09:22:49,521 INFO raw beat data size: 165, size of compressed data: 145

2020-06-22 09:22:54,540 INFO [RAFT] send beat with 0 keys.

2020-06-22 09:22:54,540 INFO raw beat data size: 165, size of compressed data: 143

2020-06-22 09:22:59,548 INFO [RAFT] send beat with 0 keys.

2020-06-22 09:22:59,550 INFO raw beat data size: 165, size of compressed data: 144

2020-06-22 09:23:04,563 INFO [RAFT] send beat with 0 keys.

2020-06-22 09:23:04,564 INFO raw beat data size: 165, size of compressed data: 141

2020-06-22 09:23:09,597 INFO [RAFT] send beat with 0 keys.

2020-06-22 09:23:09,598 INFO raw beat data size: 165, size of compressed data: 143

2020-06-22 09:23:14,631 INFO [RAFT] send beat with 0 keys.

2020-06-22 09:23:14,632 INFO raw beat data size: 165, size of compressed data: 144

2020-06-22 09:23:19,640 INFO [RAFT] send beat with 0 keys.

2020-06-22 09:23:19,641 INFO raw beat data size: 165, size of compressed data: 143

2020-06-22 09:23:24,650 INFO [RAFT] send beat with 0 keys.

2020-06-22 09:23:24,650 INFO raw beat data size: 165, size of compressed data: 144

2020-06-22 09:23:29,659 INFO [RAFT] send beat with 0 keys.

2020-06-22 09:23:29,659 INFO raw beat data size: 165, size of compressed data: 142

2020-06-22 09:23:34,668 INFO [RAFT] send beat with 0 keys.

2020-06-22 09:23:34,668 INFO raw beat data size: 165, size of compressed data: 142

2020-06-22 09:23:39,676 INFO [RAFT] send beat with 0 keys.

2020-06-22 09:23:39,677 INFO raw beat data size: 165, size of compressed data: 142

2020-06-22 09:23:44,689 INFO [RAFT] send beat with 0 keys.

2020-06-22 09:23:44,689 INFO raw beat data size: 165, size of compressed data: 140

2020-06-22 09:23:49,701 INFO [RAFT] send beat with 0 keys.

2020-06-22 09:23:49,701 INFO raw beat data size: 165, size of compressed data: 145

2020-06-22 09:23:54,709 INFO [RAFT] send beat with 0 keys.

2020-06-22 09:23:54,709 INFO raw beat data size: 165, size of compressed data: 143

2020-06-22 09:23:59,717 INFO [RAFT] send beat with 0 keys.

2020-06-22 09:23:59,718 INFO raw beat data size: 165, size of compressed data: 140

2020-06-22 09:24:04,728 INFO [RAFT] send beat with 0 keys.

2020-06-22 09:24:04,728 INFO raw beat data size: 165, size of compressed data: 145

2020-06-22 09:24:09,738 INFO [RAFT] send beat with 0 keys.

2020-06-22 09:24:09,739 INFO raw beat data size: 165, size of compressed data: 142

2020-06-22 09:24:14,748 INFO [RAFT] send beat with 0 keys.

2020-06-22 09:24:14,748 INFO raw beat data size: 165, size of compressed data: 143

2020-06-22 09:24:19,758 INFO [RAFT] send beat with 0 keys.

2020-06-22 09:24:19,758 INFO raw beat data size: 165, size of compressed data: 139

2020-06-22 09:24:24,773 INFO [RAFT] send beat with 0 keys.

2020-06-22 09:24:24,773 INFO raw beat data size: 165, size of compressed data: 142

2020-06-22 09:24:29,785 INFO [RAFT] send beat with 0 keys.

2020-06-22 09:24:29,785 INFO raw beat data size: 165, size of compressed data: 144

2020-06-22 09:24:34,792 INFO [RAFT] send beat with 0 keys.

2020-06-22 09:24:34,792 INFO raw beat data size: 165, size of compressed data: 138

2020-06-22 09:24:39,804 INFO [RAFT] send beat with 0 keys.

2020-06-22 09:24:39,804 INFO raw beat data size: 165, size of compressed data: 146

2020-06-22 09:24:44,815 INFO [RAFT] send beat with 0 keys.

2020-06-22 09:24:44,816 INFO raw beat data size: 165, size of compressed data: 143

2020-06-22 09:24:49,822 INFO [RAFT] send beat with 0 keys.

2020-06-22 09:24:49,822 INFO raw beat data size: 165, size of compressed data: 147

2020-06-22 09:24:54,832 INFO [RAFT] send beat with 0 keys.

2020-06-22 09:24:54,832 INFO raw beat data size: 165, size of compressed data: 142

2020-06-22 09:24:59,844 INFO [RAFT] send beat with 0 keys.

2020-06-22 09:24:59,845 INFO raw beat data size: 165, size of compressed data: 145

2020-06-22 09:25:04,852 INFO [RAFT] send beat with 0 keys.

2020-06-22 09:25:04,852 INFO raw beat data size: 165, size of compressed data: 141

2020-06-22 09:25:09,866 INFO [RAFT] send beat with 0 keys.

2020-06-22 09:25:09,866 INFO raw beat data size: 165, size of compressed data: 141

2020-06-22 09:25:14,882 INFO [RAFT] send beat with 0 keys.

2020-06-22 09:25:14,882 INFO raw beat data size: 165, size of compressed data: 145

2020-06-22 09:25:19,892 INFO [RAFT] send beat with 0 keys.

2020-06-22 09:25:19,892 INFO raw beat data size: 165, size of compressed data: 143

2020-06-22 09:25:24,903 INFO [RAFT] send beat with 0 keys.

2020-06-22 09:25:24,903 INFO raw beat data size: 165, size of compressed data: 146

2020-06-22 09:25:29,915 INFO [RAFT] send beat with 0 keys.

2020-06-22 09:25:29,915 INFO raw beat data size: 165, size of compressed data: 144

2020-06-22 09:25:34,925 INFO [RAFT] send beat with 0 keys.

2020-06-22 09:25:34,926 INFO raw beat data size: 165, size of compressed data: 143

2020-06-22 09:25:39,933 INFO [RAFT] send beat with 0 keys.

2020-06-22 09:25:39,933 INFO raw beat data size: 165, size of compressed data: 142

2020-06-22 09:25:44,941 INFO [RAFT] send beat with 0 keys.

2020-06-22 09:25:44,941 INFO raw beat data size: 165, size of compressed data: 141

2020-06-22 09:25:49,952 INFO [RAFT] send beat with 0 keys.

2020-06-22 09:25:49,952 INFO raw beat data size: 165, size of compressed data: 140

2020-06-22 09:25:54,961 INFO [RAFT] send beat with 0 keys.

2020-06-22 09:25:54,961 INFO raw beat data size: 165, size of compressed data: 142

2020-06-22 09:25:59,969 INFO [RAFT] send beat with 0 keys.

2020-06-22 09:25:59,969 INFO raw beat data size: 165, size of compressed data: 145

2020-06-22 09:26:04,979 INFO [RAFT] send beat with 0 keys.

2020-06-22 09:26:04,979 INFO raw beat data size: 165, size of compressed data: 143

2020-06-22 09:26:10,000 INFO [RAFT] send beat with 0 keys.

2020-06-22 09:26:10,000 INFO raw beat data size: 165, size of compressed data: 140

2020-06-22 09:26:15,009 INFO [RAFT] send beat with 0 keys.

2020-06-22 09:26:15,009 INFO raw beat data size: 165, size of compressed data: 145

2020-06-22 09:26:20,020 INFO [RAFT] send beat with 0 keys.

2020-06-22 09:26:20,020 INFO raw beat data size: 165, size of compressed data: 141

2020-06-22 09:26:25,032 INFO [RAFT] send beat with 0 keys.

2020-06-22 09:26:25,032 INFO raw beat data size: 165, size of compressed data: 145

2020-06-22 09:26:30,042 INFO [RAFT] send beat with 0 keys.

2020-06-22 09:26:30,042 INFO raw beat data size: 165, size of compressed data: 143

2020-06-22 09:26:35,056 INFO [RAFT] send beat with 0 keys.

2020-06-22 09:26:35,056 INFO raw beat data size: 165, size of compressed data: 143

2020-06-22 09:26:40,068 INFO [RAFT] send beat with 0 keys.

2020-06-22 09:26:40,069 INFO raw beat data size: 165, size of compressed data: 139

2020-06-22 09:26:45,078 INFO [RAFT] send beat with 0 keys.

2020-06-22 09:26:45,079 INFO raw beat data size: 165, size of compressed data: 141

2020-06-22 09:26:50,090 INFO [RAFT] send beat with 0 keys.

2020-06-22 09:26:50,090 INFO raw beat data size: 165, size of compressed data: 142

2020-06-22 09:26:55,106 INFO [RAFT] send beat with 0 keys.

2020-06-22 09:26:55,107 INFO raw beat data size: 165, size of compressed data: 142

2020-06-22 09:27:00,117 INFO [RAFT] send beat with 0 keys.

2020-06-22 09:27:00,117 INFO raw beat data size: 165, size of compressed data: 140

2020-06-22 09:27:05,125 INFO [RAFT] send beat with 0 keys.

2020-06-22 09:27:05,125 INFO raw beat data size: 165, size of compressed data: 142

2020-06-22 09:27:10,132 INFO [RAFT] send beat with 0 keys.

2020-06-22 09:27:10,132 INFO raw beat data size: 165, size of compressed data: 140

2020-06-22 09:27:15,144 INFO [RAFT] send beat with 0 keys.

2020-06-22 09:27:15,144 INFO raw beat data size: 165, size of compressed data: 141

2020-06-22 09:27:20,154 INFO [RAFT] send beat with 0 keys.

2020-06-22 09:27:20,155 INFO raw beat data size: 165, size of compressed data: 144

2020-06-22 09:27:25,164 INFO [RAFT] send beat with 0 keys.

2020-06-22 09:27:25,164 INFO raw beat data size: 165, size of compressed data: 146

2020-06-22 09:27:30,171 INFO [RAFT] send beat with 0 keys.

2020-06-22 09:27:30,171 INFO raw beat data size: 165, size of compressed data: 143

2020-06-22 09:27:35,183 INFO [RAFT] send beat with 0 keys.

2020-06-22 09:27:35,184 INFO raw beat data size: 165, size of compressed data: 144

2020-06-22 09:27:40,195 INFO [RAFT] send beat with 0 keys.

2020-06-22 09:27:40,195 INFO raw beat data size: 165, size of compressed data: 143

2020-06-22 09:27:45,205 INFO [RAFT] send beat with 0 keys.

2020-06-22 09:27:45,205 INFO raw beat data size: 165, size of compressed data: 143

2020-06-22 09:27:50,217 INFO [RAFT] send beat with 0 keys.

2020-06-22 09:27:50,218 INFO raw beat data size: 165, size of compressed data: 143

2020-06-22 09:27:55,302 INFO [RAFT] send beat with 0 keys.

2020-06-22 09:27:55,303 INFO raw beat data size: 165, size of compressed data: 137

2020-06-22 09:28:00,376 INFO [RAFT] send beat with 0 keys.

2020-06-22 09:28:00,376 INFO raw beat data size: 165, size of compressed data: 144

2020-06-22 09:28:05,384 INFO [RAFT] send beat with 0 keys.

2020-06-22 09:28:05,384 INFO raw beat data size: 165, size of compressed data: 143

2020-06-22 09:28:10,398 INFO [RAFT] send beat with 0 keys.

2020-06-22 09:28:10,398 INFO raw beat data size: 165, size of compressed data: 142

2020-06-22 09:28:15,408 INFO [RAFT] send beat with 0 keys.

2020-06-22 09:28:15,408 INFO raw beat data size: 165, size of compressed data: 142

2020-06-22 09:28:20,416 INFO [RAFT] send beat with 0 keys.

2020-06-22 09:28:20,416 INFO raw beat data size: 165, size of compressed data: 140

2020-06-22 09:28:25,427 INFO [RAFT] send beat with 0 keys.

2020-06-22 09:28:25,427 INFO raw beat data size: 165, size of compressed data: 143

2020-06-22 09:28:30,437 INFO [RAFT] send beat with 0 keys.

2020-06-22 09:28:30,437 INFO raw beat data size: 165, size of compressed data: 145

2020-06-22 09:28:35,464 INFO [RAFT] send beat with 0 keys.

2020-06-22 09:28:35,465 INFO raw beat data size: 165, size of compressed data: 141

2020-06-22 09:28:40,478 INFO [RAFT] send beat with 0 keys.

2020-06-22 09:28:40,478 INFO raw beat data size: 165, size of compressed data: 142

2020-06-22 09:28:45,485 INFO [RAFT] send beat with 0 keys.

2020-06-22 09:28:45,485 INFO raw beat data size: 165, size of compressed data: 142

2020-06-22 09:28:50,495 INFO [RAFT] send beat with 0 keys.

2020-06-22 09:28:50,495 INFO raw beat data size: 165, size of compressed data: 142

2020-06-22 09:28:55,523 INFO [RAFT] send beat with 0 keys.

2020-06-22 09:28:55,523 INFO raw beat data size: 165, size of compressed data: 146

2020-06-22 09:29:00,542 INFO [RAFT] send beat with 0 keys.

2020-06-22 09:29:00,542 INFO raw beat data size: 165, size of compressed data: 140

2020-06-22 09:29:05,553 INFO [RAFT] send beat with 0 keys.

2020-06-22 09:29:05,553 INFO raw beat data size: 165, size of compressed data: 142

2020-06-22 09:29:10,574 INFO [RAFT] send beat with 0 keys.

2020-06-22 09:29:10,580 INFO raw beat data size: 165, size of compressed data: 144

2020-06-22 09:29:15,591 INFO [RAFT] send beat with 0 keys.

2020-06-22 09:29:15,591 INFO raw beat data size: 165, size of compressed data: 140

2020-06-22 09:29:20,600 INFO [RAFT] send beat with 0 keys.

2020-06-22 09:29:20,600 INFO raw beat data size: 165, size of compressed data: 144

2020-06-22 09:29:25,634 INFO [RAFT] send beat with 0 keys.

2020-06-22 09:29:25,634 INFO raw beat data size: 165, size of compressed data: 137

2020-06-22 09:29:30,668 INFO [RAFT] send beat with 0 keys.

2020-06-22 09:29:30,670 INFO raw beat data size: 165, size of compressed data: 146

2020-06-22 09:29:35,678 INFO [RAFT] send beat with 0 keys.

2020-06-22 09:29:35,678 INFO raw beat data size: 165, size of compressed data: 143

2020-06-22 09:29:40,688 INFO [RAFT] send beat with 0 keys.

2020-06-22 09:29:40,688 INFO raw beat data size: 165, size of compressed data: 145

2020-06-22 09:29:45,695 INFO [RAFT] send beat with 0 keys.

2020-06-22 09:29:45,695 INFO raw beat data size: 165, size of compressed data: 138

2020-06-22 09:29:50,703 INFO [RAFT] send beat with 0 keys.

2020-06-22 09:29:50,703 INFO raw beat data size: 165, size of compressed data: 140

2020-06-22 09:29:55,740 INFO [RAFT] send beat with 0 keys.

2020-06-22 09:29:55,740 INFO raw beat data size: 165, size of compressed data: 137

2020-06-22 09:30:00,761 INFO [RAFT] send beat with 0 keys.

2020-06-22 09:30:00,761 INFO raw beat data size: 165, size of compressed data: 146

2020-06-22 09:30:05,770 INFO [RAFT] send beat with 0 keys.

2020-06-22 09:30:05,770 INFO raw beat data size: 165, size of compressed data: 142

2020-06-22 09:30:10,789 INFO [RAFT] send beat with 0 keys.

2020-06-22 09:30:10,789 INFO raw beat data size: 165, size of compressed data: 145

2020-06-22 09:30:15,800 INFO [RAFT] send beat with 0 keys.

2020-06-22 09:30:15,801 INFO raw beat data size: 165, size of compressed data: 146

2020-06-22 09:30:20,811 INFO [RAFT] send beat with 0 keys.

2020-06-22 09:30:20,811 INFO raw beat data size: 165, size of compressed data: 145

2020-06-22 09:30:25,822 INFO [RAFT] send beat with 0 keys.

2020-06-22 09:30:25,822 INFO raw beat data size: 165, size of compressed data: 146

2020-06-22 09:30:30,835 INFO [RAFT] send beat with 0 keys.

2020-06-22 09:30:30,835 INFO raw beat data size: 165, size of compressed data: 139

2020-06-22 09:30:35,840 INFO [RAFT] send beat with 0 keys.

2020-06-22 09:30:35,840 INFO raw beat data size: 165, size of compressed data: 146

2020-06-22 09:30:40,850 INFO [RAFT] send beat with 0 keys.

2020-06-22 09:30:40,850 INFO raw beat data size: 165, size of compressed data: 142

2020-06-22 09:30:45,863 INFO [RAFT] send beat with 0 keys.

2020-06-22 09:30:45,863 INFO raw beat data size: 165, size of compressed data: 145

2020-06-22 09:30:50,875 INFO [RAFT] send beat with 0 keys.

2020-06-22 09:30:50,875 INFO raw beat data size: 165, size of compressed data: 147

2020-06-22 09:30:55,882 INFO [RAFT] send beat with 0 keys.

2020-06-22 09:30:55,882 INFO raw beat data size: 165, size of compressed data: 146

2020-06-22 09:31:00,893 INFO [RAFT] send beat with 0 keys.

2020-06-22 09:31:00,893 INFO raw beat data size: 165, size of compressed data: 143

2020-06-22 09:31:05,902 INFO [RAFT] send beat with 0 keys.

2020-06-22 09:31:05,902 INFO raw beat data size: 165, size of compressed data: 141

2020-06-22 09:31:10,911 INFO [RAFT] send beat with 0 keys.

2020-06-22 09:31:10,911 INFO raw beat data size: 165, size of compressed data: 143

2020-06-22 09:31:15,918 INFO [RAFT] send beat with 0 keys.

2020-06-22 09:31:15,918 INFO raw beat data size: 165, size of compressed data: 145

2020-06-22 09:31:20,963 INFO [RAFT] send beat with 0 keys.

2020-06-22 09:31:20,963 INFO raw beat data size: 165, size of compressed data: 144

2020-06-22 09:31:25,973 INFO [RAFT] send beat with 0 keys.

2020-06-22 09:31:25,973 INFO raw beat data size: 165, size of compressed data: 143

2020-06-22 09:31:30,983 INFO [RAFT] send beat with 0 keys.

2020-06-22 09:31:30,983 INFO raw beat data size: 165, size of compressed data: 142

2020-06-22 09:31:35,989 INFO [RAFT] send beat with 0 keys.

2020-06-22 09:31:35,989 INFO raw beat data size: 165, size of compressed data: 142

2020-06-22 09:31:40,995 INFO [RAFT] send beat with 0 keys.

2020-06-22 09:31:40,995 INFO raw beat data size: 165, size of compressed data: 143

2020-06-22 09:31:46,009 INFO [RAFT] send beat with 0 keys.

2020-06-22 09:31:46,009 INFO raw beat data size: 165, size of compressed data: 144

2020-06-22 09:31:51,018 INFO [RAFT] send beat with 0 keys.

2020-06-22 09:31:51,018 INFO raw beat data size: 165, size of compressed data: 142

2020-06-22 09:31:56,027 INFO [RAFT] send beat with 0 keys.

2020-06-22 09:31:56,027 INFO raw beat data size: 165, size of compressed data: 144

2020-06-22 09:32:01,035 INFO [RAFT] send beat with 0 keys.

2020-06-22 09:32:01,035 INFO raw beat data size: 165, size of compressed data: 140

2020-06-22 09:32:06,047 INFO [RAFT] send beat with 0 keys.

2020-06-22 09:32:06,047 INFO raw beat data size: 165, size of compressed data: 138

2020-06-22 09:32:11,054 INFO [RAFT] send beat with 0 keys.

2020-06-22 09:32:11,054 INFO raw beat data size: 165, size of compressed data: 142

2020-06-22 09:32:16,066 INFO [RAFT] send beat with 0 keys.

2020-06-22 09:32:16,066 INFO raw beat data size: 165, size of compressed data: 145

2020-06-22 09:32:21,078 INFO [RAFT] send beat with 0 keys.

2020-06-22 09:32:21,080 INFO raw beat data size: 165, size of compressed data: 145

2020-06-22 09:32:26,090 INFO [RAFT] send beat with 0 keys.

2020-06-22 09:32:26,090 INFO raw beat data size: 165, size of compressed data: 137

2020-06-22 09:32:31,105 INFO [RAFT] send beat with 0 keys.

2020-06-22 09:32:31,105 INFO raw beat data size: 165, size of compressed data: 139

2020-06-22 09:32:36,116 INFO [RAFT] send beat with 0 keys.

2020-06-22 09:32:36,116 INFO raw beat data size: 165, size of compressed data: 148

2020-06-22 09:32:41,122 INFO [RAFT] send beat with 0 keys.

2020-06-22 09:32:41,123 INFO raw beat data size: 165, size of compressed data: 143

2020-06-22 09:32:46,135 INFO [RAFT] send beat with 0 keys.

2020-06-22 09:32:46,135 INFO raw beat data size: 165, size of compressed data: 146

2020-06-22 09:32:51,145 INFO [RAFT] send beat with 0 keys.

2020-06-22 09:32:51,145 INFO raw beat data size: 165, size of compressed data: 138

2020-06-22 09:32:56,157 INFO [RAFT] send beat with 0 keys.

2020-06-22 09:32:56,157 INFO raw beat data size: 165, size of compressed data: 143

2020-06-22 09:33:01,165 INFO [RAFT] send beat with 0 keys.

2020-06-22 09:33:01,165 INFO raw beat data size: 165, size of compressed data: 142

2020-06-22 09:33:06,178 INFO [RAFT] send beat with 0 keys.

2020-06-22 09:33:06,178 INFO raw beat data size: 165, size of compressed data: 146

2020-06-22 09:33:11,216 INFO [RAFT] send beat with 0 keys.

2020-06-22 09:33:11,216 INFO raw beat data size: 165, size of compressed data: 145

2020-06-22 09:33:16,229 INFO [RAFT] send beat with 0 keys.

2020-06-22 09:33:16,229 INFO raw beat data size: 165, size of compressed data: 145

2020-06-22 09:33:21,240 INFO [RAFT] send beat with 0 keys.

2020-06-22 09:33:21,240 INFO raw beat data size: 165, size of compressed data: 142

2020-06-22 09:33:26,250 INFO [RAFT] send beat with 0 keys.

2020-06-22 09:33:26,251 INFO raw beat data size: 165, size of compressed data: 144

2020-06-22 09:33:31,263 INFO [RAFT] send beat with 0 keys.

2020-06-22 09:33:31,263 INFO raw beat data size: 165, size of compressed data: 142

2020-06-22 09:33:36,324 INFO [RAFT] send beat with 0 keys.

2020-06-22 09:33:36,324 INFO raw beat data size: 165, size of compressed data: 145

2020-06-22 09:33:41,333 INFO [RAFT] send beat with 0 keys.

2020-06-22 09:33:41,333 INFO raw beat data size: 165, size of compressed data: 142

2020-06-22 09:33:46,343 INFO [RAFT] send beat with 0 keys.

2020-06-22 09:33:46,344 INFO raw beat data size: 165, size of compressed data: 147

2020-06-22 09:33:51,354 INFO [RAFT] send beat with 0 keys.

2020-06-22 09:33:51,354 INFO raw beat data size: 165, size of compressed data: 145

2020-06-22 09:33:56,362 INFO [RAFT] send beat with 0 keys.

2020-06-22 09:33:56,364 INFO raw beat data size: 165, size of compressed data: 143

2020-06-22 09:34:01,373 INFO [RAFT] send beat with 0 keys.

2020-06-22 09:34:01,373 INFO raw beat data size: 165, size of compressed data: 143

2020-06-22 09:34:06,386 INFO [RAFT] send beat with 0 keys.

2020-06-22 09:34:06,386 INFO raw beat data size: 165, size of compressed data: 145

2020-06-22 09:34:11,394 INFO [RAFT] send beat with 0 keys.

2020-06-22 09:34:11,394 INFO raw beat data size: 165, size of compressed data: 143

2020-06-22 09:34:16,404 INFO [RAFT] send beat with 0 keys.

2020-06-22 09:34:16,404 INFO raw beat data size: 165, size of compressed data: 136

2020-06-22 09:34:21,413 INFO [RAFT] send beat with 0 keys.

2020-06-22 09:34:21,413 INFO raw beat data size: 165, size of compressed data: 142

2020-06-22 09:34:26,422 INFO [RAFT] send beat with 0 keys.

2020-06-22 09:34:26,422 INFO raw beat data size: 165, size of compressed data: 148

2020-06-22 09:34:31,436 INFO [RAFT] send beat with 0 keys.

2020-06-22 09:34:31,437 INFO raw beat data size: 165, size of compressed data: 145

2020-06-22 09:34:36,446 INFO [RAFT] send beat with 0 keys.

2020-06-22 09:34:36,446 INFO raw beat data size: 165, size of compressed data: 143

2020-06-22 09:34:41,454 INFO [RAFT] send beat with 0 keys.

2020-06-22 09:34:41,454 INFO raw beat data size: 165, size of compressed data: 143

2020-06-22 09:34:46,464 INFO [RAFT] send beat with 0 keys.

2020-06-22 09:34:46,464 INFO raw beat data size: 165, size of compressed data: 142

2020-06-22 09:34:51,473 INFO [RAFT] send beat with 0 keys.

2020-06-22 09:34:51,474 INFO raw beat data size: 165, size of compressed data: 144

2020-06-22 09:34:56,486 INFO [RAFT] send beat with 0 keys.

2020-06-22 09:34:56,486 INFO raw beat data size: 165, size of compressed data: 139

2020-06-22 09:35:01,496 INFO [RAFT] send beat with 0 keys.

2020-06-22 09:35:01,496 INFO raw beat data size: 165, size of compressed data: 141

2020-06-22 09:35:06,509 INFO [RAFT] send beat with 0 keys.

2020-06-22 09:35:06,509 INFO raw beat data size: 165, size of compressed data: 142

2020-06-22 09:35:11,521 INFO [RAFT] send beat with 0 keys.

2020-06-22 09:35:11,523 INFO raw beat data size: 165, size of compressed data: 142

2020-06-22 09:35:16,537 INFO [RAFT] send beat with 0 keys.

2020-06-22 09:35:16,537 INFO raw beat data size: 165, size of compressed data: 143

2020-06-22 09:35:21,547 INFO [RAFT] send beat with 0 keys.

2020-06-22 09:35:21,547 INFO raw beat data size: 165, size of compressed data: 144

2020-06-22 09:35:26,557 INFO [RAFT] send beat with 0 keys.

2020-06-22 09:35:26,557 INFO raw beat data size: 165, size of compressed data: 146

2020-06-22 09:35:31,574 INFO [RAFT] send beat with 0 keys.

2020-06-22 09:35:31,575 INFO raw beat data size: 165, size of compressed data: 144

2020-06-22 09:35:36,592 INFO [RAFT] send beat with 0 keys.

2020-06-22 09:35:36,593 INFO raw beat data size: 165, size of compressed data: 141

2020-06-22 09:35:41,610 INFO [RAFT] send beat with 0 keys.

2020-06-22 09:35:41,610 INFO raw beat data size: 165, size of compressed data: 143

2020-06-22 09:35:46,669 INFO [RAFT] send beat with 0 keys.

2020-06-22 09:35:46,670 INFO raw beat data size: 165, size of compressed data: 142

2020-06-22 09:35:51,679 INFO [RAFT] send beat with 0 keys.

2020-06-22 09:35:51,679 INFO raw beat data size: 165, size of compressed data: 146

2020-06-22 09:35:56,695 INFO [RAFT] send beat with 0 keys.

2020-06-22 09:35:56,695 INFO raw beat data size: 165, size of compressed data: 144

2020-06-22 09:35:57,969 INFO add listener: com.alibaba.nacos.naming.iplist.public##DEFAULT_GROUP@@nacos-fegin

2020-06-22 09:36:01,706 INFO [RAFT] send beat with 0 keys.

2020-06-22 09:36:01,706 INFO raw beat data size: 165, size of compressed data: 141

2020-06-22 09:36:06,714 INFO [RAFT] send beat with 0 keys.

2020-06-22 09:36:06,714 INFO raw beat data size: 165, size of compressed data: 142

2020-06-22 09:36:11,728 INFO [RAFT] send beat with 0 keys.

2020-06-22 09:36:11,728 INFO raw beat data size: 165, size of compressed data: 146

2020-06-22 09:36:16,737 INFO [RAFT] send beat with 0 keys.

2020-06-22 09:36:16,737 INFO raw beat data size: 165, size of compressed data: 141

2020-06-22 09:36:21,766 INFO [RAFT] send beat with 0 keys.

2020-06-22 09:36:21,767 INFO raw beat data size: 165, size of compressed data: 145

2020-06-22 09:36:26,778 INFO [RAFT] send beat with 0 keys.

2020-06-22 09:36:26,778 INFO raw beat data size: 165, size of compressed data: 144

2020-06-22 09:36:31,789 INFO [RAFT] send beat with 0 keys.

2020-06-22 09:36:31,789 INFO raw beat data size: 165, size of compressed data: 142

2020-06-22 09:36:36,802 INFO [RAFT] send beat with 0 keys.

2020-06-22 09:36:36,802 INFO raw beat data size: 165, size of compressed data: 138

2020-06-22 09:36:41,808 INFO [RAFT] send beat with 0 keys.

2020-06-22 09:36:41,808 INFO raw beat data size: 165, size of compressed data: 146

2020-06-22 09:36:46,817 INFO [RAFT] send beat with 0 keys.

2020-06-22 09:36:46,817 INFO raw beat data size: 165, size of compressed data: 141

2020-06-22 09:36:51,826 INFO [RAFT] send beat with 0 keys.

2020-06-22 09:36:51,827 INFO raw beat data size: 165, size of compressed data: 143

2020-06-22 09:36:56,838 INFO [RAFT] send beat with 0 keys.

2020-06-22 09:36:56,839 INFO raw beat data size: 165, size of compressed data: 144

2020-06-22 09:37:01,852 INFO [RAFT] send beat with 0 keys.

2020-06-22 09:37:01,852 INFO raw beat data size: 165, size of compressed data: 146

2020-06-22 09:37:06,861 INFO [RAFT] send beat with 0 keys.

2020-06-22 09:37:06,861 INFO raw beat data size: 165, size of compressed data: 141

2020-06-22 09:37:11,883 INFO [RAFT] send beat with 0 keys.

2020-06-22 09:37:11,883 INFO raw beat data size: 165, size of compressed data: 141

2020-06-22 09:37:16,898 INFO [RAFT] send beat with 0 keys.

2020-06-22 09:37:16,899 INFO raw beat data size: 165, size of compressed data: 141

2020-06-22 09:37:21,910 INFO [RAFT] send beat with 0 keys.

2020-06-22 09:37:21,910 INFO raw beat data size: 165, size of compressed data: 144

2020-06-22 09:37:26,921 INFO [RAFT] send beat with 0 keys.

2020-06-22 09:37:26,921 INFO raw beat data size: 165, size of compressed data: 144

2020-06-22 09:37:31,930 INFO [RAFT] send beat with 0 keys.

2020-06-22 09:37:31,930 INFO raw beat data size: 165, size of compressed data: 147

2020-06-22 09:37:36,936 INFO [RAFT] send beat with 0 keys.

2020-06-22 09:37:36,936 INFO raw beat data size: 165, size of compressed data: 142

2020-06-22 09:37:41,957 INFO [RAFT] send beat with 0 keys.

2020-06-22 09:37:41,960 INFO raw beat data size: 165, size of compressed data: 146

2020-06-22 09:37:46,964 INFO [RAFT] send beat with 0 keys.

2020-06-22 09:37:46,964 INFO raw beat data size: 165, size of compressed data: 142

2020-06-22 09:37:51,975 INFO [RAFT] send beat with 0 keys.

2020-06-22 09:37:51,975 INFO raw beat data size: 165, size of compressed data: 147

2020-06-22 09:37:56,984 INFO [RAFT] send beat with 0 keys.

2020-06-22 09:37:56,984 INFO raw beat data size: 165, size of compressed data: 146

2020-06-22 09:38:01,995 INFO [RAFT] send beat with 0 keys.

2020-06-22 09:38:01,995 INFO raw beat data size: 165, size of compressed data: 144

2020-06-22 09:38:07,005 INFO [RAFT] send beat with 0 keys.

2020-06-22 09:38:07,006 INFO raw beat data size: 165, size of compressed data: 138

2020-06-22 09:38:12,016 INFO [RAFT] send beat with 0 keys.

2020-06-22 09:38:12,016 INFO raw beat data size: 165, size of compressed data: 143

2020-06-22 09:38:17,024 INFO [RAFT] send beat with 0 keys.

2020-06-22 09:38:17,024 INFO raw beat data size: 165, size of compressed data: 142

2020-06-22 09:38:22,037 INFO [RAFT] send beat with 0 keys.

2020-06-22 09:38:22,037 INFO raw beat data size: 165, size of compressed data: 142

2020-06-22 09:38:27,051 INFO [RAFT] send beat with 0 keys.

2020-06-22 09:38:27,051 INFO raw beat data size: 165, size of compressed data: 141

2020-06-22 09:38:32,059 INFO [RAFT] send beat with 0 keys.

2020-06-22 09:38:32,059 INFO raw beat data size: 165, size of compressed data: 142

2020-06-22 09:38:37,069 INFO [RAFT] send beat with 0 keys.

2020-06-22 09:38:37,069 INFO raw beat data size: 165, size of compressed data: 142

2020-06-22 09:38:42,076 INFO [RAFT] send beat with 0 keys.

2020-06-22 09:38:42,076 INFO raw beat data size: 165, size of compressed data: 141

2020-06-22 09:38:47,091 INFO [RAFT] send beat with 0 keys.

2020-06-22 09:38:47,091 INFO raw beat data size: 165, size of compressed data: 138

2020-06-22 09:38:52,099 INFO [RAFT] send beat with 0 keys.

2020-06-22 09:38:52,099 INFO raw beat data size: 165, size of compressed data: 145

2020-06-22 09:38:57,108 INFO [RAFT] send beat with 0 keys.

2020-06-22 09:38:57,109 INFO raw beat data size: 165, size of compressed data: 144

2020-06-22 09:39:02,117 INFO [RAFT] send beat with 0 keys.

2020-06-22 09:39:02,117 INFO raw beat data size: 165, size of compressed data: 143

2020-06-22 09:39:07,129 INFO [RAFT] send beat with 0 keys.

2020-06-22 09:39:07,129 INFO raw beat data size: 165, size of compressed data: 142

2020-06-22 09:39:12,139 INFO [RAFT] send beat with 0 keys.

2020-06-22 09:39:12,142 INFO raw beat data size: 165, size of compressed data: 142

2020-06-22 09:39:17,157 INFO [RAFT] send beat with 0 keys.

2020-06-22 09:39:17,157 INFO raw beat data size: 165, size of compressed data: 147

2020-06-22 09:39:22,167 INFO [RAFT] send beat with 0 keys.

2020-06-22 09:39:22,167 INFO raw beat data size: 165, size of compressed data: 140

2020-06-22 09:39:27,176 INFO [RAFT] send beat with 0 keys.

2020-06-22 09:39:27,176 INFO raw beat data size: 165, size of compressed data: 147

2020-06-22 09:39:32,188 INFO [RAFT] send beat with 0 keys.

2020-06-22 09:39:32,188 INFO raw beat data size: 165, size of compressed data: 142

2020-06-22 09:39:37,196 INFO [RAFT] send beat with 0 keys.

2020-06-22 09:39:37,196 INFO raw beat data size: 165, size of compressed data: 148

2020-06-22 09:39:42,206 INFO [RAFT] send beat with 0 keys.

2020-06-22 09:39:42,206 INFO raw beat data size: 165, size of compressed data: 138

2020-06-22 09:39:47,216 INFO [RAFT] send beat with 0 keys.

2020-06-22 09:39:47,216 INFO raw beat data size: 165, size of compressed data: 140

2020-06-22 09:39:52,225 INFO [RAFT] send beat with 0 keys.

2020-06-22 09:39:52,226 INFO raw beat data size: 165, size of compressed data: 143

2020-06-22 09:39:57,289 INFO [RAFT] send beat with 0 keys.

2020-06-22 09:39:57,291 INFO raw beat data size: 165, size of compressed data: 141

2020-06-22 09:40:02,303 INFO [RAFT] send beat with 0 keys.

2020-06-22 09:40:02,303 INFO raw beat data size: 165, size of compressed data: 139

2020-06-22 09:40:07,311 INFO [RAFT] send beat with 0 keys.

2020-06-22 09:40:07,311 INFO raw beat data size: 165, size of compressed data: 141

2020-06-22 09:40:12,319 INFO [RAFT] send beat with 0 keys.

2020-06-22 09:40:12,319 INFO raw beat data size: 165, size of compressed data: 141

2020-06-22 09:40:17,327 INFO [RAFT] send beat with 0 keys.

2020-06-22 09:40:17,328 INFO raw beat data size: 165, size of compressed data: 145

2020-06-22 09:40:22,335 INFO [RAFT] send beat with 0 keys.

2020-06-22 09:40:22,335 INFO raw beat data size: 165, size of compressed data: 144

2020-06-22 09:40:27,346 INFO [RAFT] send beat with 0 keys.

2020-06-22 09:40:27,348 INFO raw beat data size: 165, size of compressed data: 147

2020-06-22 09:40:32,357 INFO [RAFT] send beat with 0 keys.

2020-06-22 09:40:32,357 INFO raw beat data size: 165, size of compressed data: 142

2020-06-22 09:40:37,367 INFO [RAFT] send beat with 0 keys.

2020-06-22 09:40:37,367 INFO raw beat data size: 165, size of compressed data: 146

2020-06-22 09:40:42,376 INFO [RAFT] send beat with 0 keys.

2020-06-22 09:40:42,377 INFO raw beat data size: 165, size of compressed data: 143

2020-06-22 09:40:47,385 INFO [RAFT] send beat with 0 keys.

2020-06-22 09:40:47,385 INFO raw beat data size: 165, size of compressed data: 143

2020-06-22 09:40:52,395 INFO [RAFT] send beat with 0 keys.

2020-06-22 09:40:52,395 INFO raw beat data size: 165, size of compressed data: 142

2020-06-22 09:40:57,402 INFO [RAFT] send beat with 0 keys.

2020-06-22 09:40:57,403 INFO raw beat data size: 165, size of compressed data: 147

2020-06-22 09:41:02,418 INFO [RAFT] send beat with 0 keys.

2020-06-22 09:41:02,419 INFO raw beat data size: 165, size of compressed data: 136

2020-06-22 09:41:07,426 INFO [RAFT] send beat with 0 keys.

2020-06-22 09:41:07,426 INFO raw beat data size: 165, size of compressed data: 143

2020-06-22 09:41:12,433 INFO [RAFT] send beat with 0 keys.

2020-06-22 09:41:12,433 INFO raw beat data size: 165, size of compressed data: 146

2020-06-22 09:41:17,444 INFO [RAFT] send beat with 0 keys.

2020-06-22 09:41:17,444 INFO raw beat data size: 165, size of compressed data: 135

2020-06-22 09:41:22,455 INFO [RAFT] send beat with 0 keys.

2020-06-22 09:41:22,455 INFO raw beat data size: 165, size of compressed data: 147

2020-06-22 09:41:27,466 INFO [RAFT] send beat with 0 keys.

2020-06-22 09:41:27,466 INFO raw beat data size: 165, size of compressed data: 143

2020-06-22 09:41:32,474 INFO [RAFT] send beat with 0 keys.

2020-06-22 09:41:32,474 INFO raw beat data size: 165, size of compressed data: 141

2020-06-22 09:41:37,489 INFO [RAFT] send beat with 0 keys.

2020-06-22 09:41:37,489 INFO raw beat data size: 165, size of compressed data: 144

2020-06-22 09:41:42,500 INFO [RAFT] send beat with 0 keys.

2020-06-22 09:41:42,501 INFO raw beat data size: 165, size of compressed data: 144

2020-06-22 09:41:47,513 INFO [RAFT] send beat with 0 keys.

2020-06-22 09:41:47,514 INFO raw beat data size: 165, size of compressed data: 146

2020-06-22 09:41:52,524 INFO [RAFT] send beat with 0 keys.

2020-06-22 09:41:52,524 INFO raw beat data size: 165, size of compressed data: 145

2020-06-22 09:41:57,533 INFO [RAFT] send beat with 0 keys.

2020-06-22 09:41:57,534 INFO raw beat data size: 165, size of compressed data: 142

2020-06-22 09:42:02,548 INFO [RAFT] send beat with 0 keys.

2020-06-22 09:42:02,548 INFO raw beat data size: 165, size of compressed data: 142

2020-06-22 09:42:07,559 INFO [RAFT] send beat with 0 keys.

2020-06-22 09:42:07,559 INFO raw beat data size: 165, size of compressed data: 146

2020-06-22 09:42:12,570 INFO [RAFT] send beat with 0 keys.

2020-06-22 09:42:12,571 INFO raw beat data size: 165, size of compressed data: 141

2020-06-22 09:42:17,578 INFO [RAFT] send beat with 0 keys.

2020-06-22 09:42:17,579 INFO raw beat data size: 165, size of compressed data: 141

2020-06-22 09:42:22,589 INFO [RAFT] send beat with 0 keys.

2020-06-22 09:42:22,589 INFO raw beat data size: 165, size of compressed data: 142

2020-06-22 09:42:27,599 INFO [RAFT] send beat with 0 keys.

2020-06-22 09:42:27,600 INFO raw beat data size: 165, size of compressed data: 145

2020-06-22 09:42:32,609 INFO [RAFT] send beat with 0 keys.

2020-06-22 09:42:32,609 INFO raw beat data size: 165, size of compressed data: 144

2020-06-22 09:42:37,629 INFO [RAFT] send beat with 0 keys.

2020-06-22 09:42:37,629 INFO raw beat data size: 165, size of compressed data: 146

2020-06-22 09:42:42,649 INFO [RAFT] send beat with 0 keys.

2020-06-22 09:42:42,649 INFO raw beat data size: 165, size of compressed data: 146

2020-06-22 09:42:47,658 INFO [RAFT] send beat with 0 keys.

2020-06-22 09:42:47,658 INFO raw beat data size: 165, size of compressed data: 147

